TN:
SF:src\utils\file.ts
FN:1,getFileExtension
FN:9,generateFileId
FN:20,calculateChunkCount
FNF:3
FNH:3
FNDA:2,getFileExtension
FNDA:2,generateFileId
FNDA:2,calculateChunkCount
DA:2,2
DA:3,2
DA:4,1
DA:6,1
DA:10,2
DA:11,2
DA:13,2
DA:14,34
DA:17,2
DA:21,2
DA:22,1
DA:24,1
LF:12
LH:12
BRDA:3,0,0,1
BRDA:3,0,1,1
BRDA:21,1,0,1
BRDA:21,1,1,1
BRDA:21,2,0,2
BRDA:21,2,1,1
BRF:6
BRH:6
end_of_record
TN:
SF:src\utils\format.ts
FN:3,formatFileSize
FN:21,formatDateTime
FN:25,formatDuration
FN:42,formatTransferSpeed
FNF:4
FNH:4
FNDA:4,formatFileSize
FNDA:1,formatDateTime
FNDA:3,formatDuration
FNDA:2,formatTransferSpeed
DA:4,4
DA:5,0
DA:7,4
DA:8,4
DA:9,4
DA:11,4
DA:12,8
DA:13,8
DA:16,4
DA:17,4
DA:18,4
DA:22,1
DA:26,3
DA:27,0
DA:29,3
DA:30,3
DA:31,3
DA:33,3
DA:34,1
DA:36,2
DA:37,2
DA:39,1
DA:43,2
DA:44,1
DA:46,1
LF:25
LH:23
BRDA:4,0,0,0
BRDA:4,0,1,4
BRDA:11,1,0,4
BRDA:11,1,1,8
BRDA:16,2,0,0
BRDA:16,2,1,4
BRDA:16,3,0,4
BRDA:16,3,1,4
BRDA:26,4,0,0
BRDA:26,4,1,3
BRDA:33,5,0,1
BRDA:33,5,1,2
BRDA:36,6,0,1
BRDA:36,6,1,1
BRDA:43,7,0,1
BRDA:43,7,1,1
BRF:16
BRH:13
end_of_record
TN:
SF:src\utils\storage.ts
FN:1,getLocalStorage
FN:14,setLocalStorage
FN:18,removeLocalStorage
FN:22,clearLocalStorage
FNF:4
FNH:4
FNDA:3,getLocalStorage
FNDA:3,setLocalStorage
FNDA:1,removeLocalStorage
FNDA:1,clearLocalStorage
DA:2,3
DA:3,3
DA:4,2
DA:6,1
DA:7,1
DA:10,0
DA:15,3
DA:19,1
DA:23,1
LF:9
LH:8
BRDA:3,0,0,2
BRDA:3,0,1,1
BRF:2
BRH:2
end_of_record
TN:
SF:src\utils\validate.ts
FN:1,isValidEmail
FN:6,isValidPhone
FN:11,isValidFileName
FN:19,isAllowedFileType
FN:21,(anonymous_4)
FNF:5
FNH:5
FNDA:2,isValidEmail
FNDA:2,isValidPhone
FNDA:2,isValidFileName
FNDA:2,isAllowedFileType
FNDA:3,(anonymous_4)
DA:2,2
DA:3,2
DA:7,2
DA:8,2
DA:12,2
DA:13,0
DA:15,2
DA:16,2
DA:20,2
DA:21,3
LF:10
LH:9
BRDA:12,0,0,0
BRDA:12,0,1,2
BRF:2
BRH:1
end_of_record
