TN:
SF:src\composables\useApprovalDetail.ts
FN:38,toArrayText
FN:40,(anonymous_1)
FN:45,buildFileList
FN:59,useApprovalDetail
FN:71,(anonymous_4)
FN:77,(anonymous_5)
FN:83,(anonymous_6)
FN:89,(anonymous_7)
FN:95,(anonymous_8)
FN:111,(anonymous_9)
FN:112,(anonymous_10)
FN:114,(anonymous_11)
FN:129,(anonymous_12)
FN:148,(anonymous_13)
FN:154,fetchApprovalHistory
FN:160,fetchDetail
FN:166,(anonymous_16)
FN:177,isLastLevel
FN:182,handleApprove
FN:199,(anonymous_19)
FN:204,handleReject
FN:219,(anonymous_21)
FN:224,handleExempt
FN:234,(anonymous_23)
FN:239,handleDownloadFile
FN:249,handleBatchDownload
FN:250,(anonymous_26)
FN:251,(anonymous_27)
FN:255,goBack
FNF:29
FNH:13
FNDA:4,toArrayText
FNDA:2,(anonymous_1)
FNDA:1,buildFileList
FNDA:10,useApprovalDetail
FNDA:2,(anonymous_4)
FNDA:2,(anonymous_5)
FNDA:2,(anonymous_6)
FNDA:2,(anonymous_7)
FNDA:2,(anonymous_8)
FNDA:2,(anonymous_9)
FNDA:0,(anonymous_10)
FNDA:1,(anonymous_11)
FNDA:1,(anonymous_12)
FNDA:1,(anonymous_13)
FNDA:0,fetchApprovalHistory
FNDA:0,fetchDetail
FNDA:0,(anonymous_16)
FNDA:0,isLastLevel
FNDA:0,handleApprove
FNDA:0,(anonymous_19)
FNDA:0,handleReject
FNDA:0,(anonymous_21)
FNDA:0,handleExempt
FNDA:0,(anonymous_23)
FNDA:0,handleDownloadFile
FNDA:0,handleBatchDownload
FNDA:0,(anonymous_26)
FNDA:0,(anonymous_27)
FNDA:0,goBack
DA:8,1
DA:18,1
DA:28,1
DA:39,4
DA:40,2
DA:42,2
DA:46,1
DA:48,1
DA:60,10
DA:61,10
DA:62,10
DA:63,10
DA:65,10
DA:66,10
DA:67,10
DA:68,10
DA:69,10
DA:71,10
DA:72,2
DA:73,0
DA:74,2
DA:77,10
DA:78,2
DA:79,0
DA:80,2
DA:83,10
DA:84,2
DA:85,0
DA:86,2
DA:89,10
DA:90,2
DA:91,0
DA:92,2
DA:95,10
DA:96,2
DA:97,0
DA:99,2
DA:100,0
DA:102,2
DA:108,2
DA:111,10
DA:112,10
DA:114,10
DA:115,1
DA:116,0
DA:118,1
DA:119,1
DA:129,10
DA:130,1
DA:131,0
DA:133,1
DA:134,1
DA:148,10
DA:149,1
DA:150,0
DA:151,1
DA:155,0
DA:156,0
DA:157,0
DA:161,0
DA:162,0
DA:163,0
DA:164,0
DA:166,0
DA:167,0
DA:169,0
DA:170,0
DA:173,0
DA:178,0
DA:179,0
DA:183,0
DA:184,0
DA:186,0
DA:187,0
DA:188,0
DA:189,0
DA:190,0
DA:192,0
DA:193,0
DA:196,0
DA:199,0
DA:200,0
DA:205,0
DA:206,0
DA:208,0
DA:209,0
DA:210,0
DA:213,0
DA:214,0
DA:215,0
DA:216,0
DA:217,0
DA:219,0
DA:220,0
DA:225,0
DA:226,0
DA:228,0
DA:229,0
DA:230,0
DA:231,0
DA:232,0
DA:234,0
DA:235,0
DA:240,0
DA:241,0
DA:242,0
DA:243,0
DA:244,0
DA:245,0
DA:246,0
DA:250,0
DA:251,0
DA:252,0
DA:256,0
DA:259,10
LF:115
LH:48
BRDA:38,0,0,4
BRDA:39,1,0,2
BRDA:39,1,1,2
BRDA:42,2,0,2
BRDA:42,2,1,2
BRDA:46,3,0,1
BRDA:46,3,1,0
BRDA:53,4,0,1
BRDA:53,4,1,1
BRDA:72,5,0,0
BRDA:72,5,1,2
BRDA:78,6,0,0
BRDA:78,6,1,2
BRDA:84,7,0,0
BRDA:84,7,1,2
BRDA:90,8,0,0
BRDA:90,8,1,2
BRDA:92,9,0,2
BRDA:92,9,1,0
BRDA:96,10,0,0
BRDA:96,10,1,2
BRDA:99,11,0,0
BRDA:99,11,1,2
BRDA:108,12,0,2
BRDA:108,12,1,0
BRDA:115,13,0,0
BRDA:115,13,1,1
BRDA:125,14,0,1
BRDA:125,14,1,0
BRDA:130,15,0,0
BRDA:130,15,1,1
BRDA:135,16,0,1
BRDA:135,16,1,0
BRDA:141,17,0,1
BRDA:141,17,1,1
BRDA:142,18,0,1
BRDA:142,18,1,1
BRDA:143,19,0,1
BRDA:143,19,1,0
BRDA:144,20,0,1
BRDA:144,20,1,0
BRDA:149,21,0,0
BRDA:149,21,1,1
BRDA:163,22,0,0
BRDA:163,22,1,0
BRDA:167,23,0,0
BRDA:167,23,1,0
BRDA:183,24,0,0
BRDA:183,24,1,0
BRDA:187,25,0,0
BRDA:187,25,1,0
BRDA:192,26,0,0
BRDA:192,26,1,0
BRDA:205,27,0,0
BRDA:205,27,1,0
BRDA:208,28,0,0
BRDA:208,28,1,0
BRDA:225,29,0,0
BRDA:225,29,1,0
BRDA:228,30,0,0
BRDA:228,30,1,0
BRF:61
BRH:27
end_of_record
TN:
SF:src\composables\useApprovalList.ts
FN:31,useApprovalList
FN:51,(anonymous_1)
FN:58,(anonymous_2)
FN:68,(anonymous_3)
FN:75,(anonymous_4)
FN:80,(anonymous_5)
FN:88,(anonymous_6)
FN:101,(anonymous_7)
FN:103,fetchList
FN:111,(anonymous_9)
FN:112,(anonymous_10)
FN:122,handleTabChange
FN:127,handleSearch
FN:131,handleReset
FN:139,handlePageChange
FN:143,handlePageSizeChange
FNF:16
FNH:8
FNDA:6,useApprovalList
FNDA:1,(anonymous_1)
FNDA:0,(anonymous_2)
FNDA:0,(anonymous_3)
FNDA:0,(anonymous_4)
FNDA:0,(anonymous_5)
FNDA:0,(anonymous_6)
FNDA:1,(anonymous_7)
FNDA:0,fetchList
FNDA:0,(anonymous_9)
FNDA:0,(anonymous_10)
FNDA:2,handleTabChange
FNDA:1,handleSearch
FNDA:1,handleReset
FNDA:1,handlePageChange
FNDA:1,handlePageSizeChange
DA:21,1
DA:32,6
DA:33,6
DA:34,6
DA:36,6
DA:43,6
DA:49,6
DA:51,6
DA:52,1
DA:54,1
DA:55,1
DA:56,0
DA:58,0
DA:59,0
DA:63,0
DA:66,1
DA:67,0
DA:68,0
DA:69,0
DA:74,1
DA:75,0
DA:78,1
DA:79,0
DA:80,0
DA:81,0
DA:85,1
DA:86,0
DA:87,0
DA:88,0
DA:89,0
DA:90,0
DA:95,1
DA:97,1
DA:98,1
DA:101,6
DA:104,0
DA:105,0
DA:106,0
DA:108,0
DA:112,0
DA:118,0
DA:123,2
DA:124,2
DA:128,1
DA:132,1
DA:133,1
DA:134,1
DA:135,1
DA:136,1
DA:140,1
DA:144,1
DA:145,1
DA:148,6
LF:53
LH:31
BRDA:54,0,0,1
BRDA:54,0,1,0
BRDA:56,1,0,0
BRDA:56,1,1,0
BRDA:59,2,0,0
BRDA:59,2,1,0
BRDA:66,3,0,0
BRDA:66,3,1,1
BRDA:69,4,0,0
BRDA:69,4,1,0
BRDA:74,5,0,0
BRDA:74,5,1,1
BRDA:74,6,0,1
BRDA:74,6,1,1
BRDA:78,7,0,0
BRDA:78,7,1,1
BRDA:85,8,0,0
BRDA:85,8,1,1
BRDA:87,9,0,0
BRDA:87,9,1,0
BRDA:87,10,0,0
BRDA:87,10,1,0
BRDA:90,11,0,0
BRDA:90,11,1,0
BRF:24
BRH:7
end_of_record
TN:
SF:src\composables\useFileUpload.ts
FN:28,generateFileId
FN:35,getUploadedChunkIndexes
FN:41,(anonymous_2)
FN:47,uploadChunk
FN:80,mergeChunks
FN:92,useFileUpload
FN:98,uploadFile
FN:218,pauseUpload
FN:238,resumeUpload
FN:257,cancelUpload
FN:281,getUploadProgress
FN:288,customRequest
FN:301,(anonymous_12)
FNF:13
FNH:1
FNDA:0,generateFileId
FNDA:0,getUploadedChunkIndexes
FNDA:0,(anonymous_2)
FNDA:0,uploadChunk
FNDA:0,mergeChunks
FNDA:6,useFileUpload
FNDA:0,uploadFile
FNDA:0,pauseUpload
FNDA:0,resumeUpload
FNDA:0,cancelUpload
FNDA:0,getUploadProgress
FNDA:0,customRequest
FNDA:0,(anonymous_12)
DA:20,1
DA:23,1
DA:29,0
DA:36,0
DA:41,0
DA:54,0
DA:55,0
DA:56,0
DA:58,0
DA:59,0
DA:60,0
DA:61,0
DA:62,0
DA:63,0
DA:65,0
DA:68,0
DA:81,0
DA:86,0
DA:93,6
DA:103,0
DA:104,0
DA:107,0
DA:108,0
DA:111,0
DA:120,0
DA:123,0
DA:137,0
DA:138,0
DA:140,0
DA:141,0
DA:143,0
DA:145,0
DA:147,0
DA:148,0
DA:151,0
DA:152,0
DA:153,0
DA:154,0
DA:157,0
DA:159,0
DA:160,0
DA:161,0
DA:162,0
DA:163,0
DA:165,0
DA:166,0
DA:170,0
DA:173,0
DA:174,0
DA:175,0
DA:176,0
DA:177,0
DA:178,0
DA:181,0
DA:182,0
DA:183,0
DA:190,0
DA:193,0
DA:194,0
DA:195,0
DA:196,0
DA:199,0
DA:200,0
DA:201,0
DA:207,0
DA:210,0
DA:211,0
DA:219,0
DA:220,0
DA:221,0
DA:222,0
DA:224,0
DA:225,0
DA:226,0
DA:227,0
DA:228,0
DA:231,0
DA:243,0
DA:244,0
DA:246,0
DA:247,0
DA:248,0
DA:251,0
DA:259,0
DA:260,0
DA:261,0
DA:262,0
DA:266,0
DA:267,0
DA:268,0
DA:269,0
DA:273,0
DA:275,0
DA:282,0
DA:292,0
DA:294,0
DA:295,0
DA:297,0
DA:298,0
DA:302,0
DA:306,0
DA:312,0
DA:316,6
LF:103
LH:4
BRDA:86,0,0,0
BRDA:86,0,1,0
BRDA:127,1,0,0
BRDA:127,1,1,0
BRDA:147,2,0,0
BRDA:147,2,1,0
BRDA:151,3,0,0
BRDA:151,3,1,0
BRDA:163,4,0,0
BRDA:163,4,1,0
BRDA:182,5,0,0
BRDA:182,5,1,0
BRDA:194,6,0,0
BRDA:194,6,1,0
BRDA:200,7,0,0
BRDA:200,7,1,0
BRDA:220,8,0,0
BRDA:220,8,1,0
BRDA:225,9,0,0
BRDA:225,9,1,0
BRDA:246,10,0,0
BRDA:246,10,1,0
BRDA:260,11,0,0
BRDA:260,11,1,0
BRDA:268,12,0,0
BRDA:268,12,1,0
BRDA:294,13,0,0
BRDA:294,13,1,0
BRF:28
BRH:0
end_of_record
TN:
SF:src\stores\approval.ts
FN:6,toAction
FN:12,(anonymous_1)
FN:17,(anonymous_2)
FN:19,pushHistoryRecord
FN:20,(anonymous_4)
FN:34,fetchPendingApprovals
FN:46,approve
FN:48,(anonymous_7)
FN:53,reject
FN:55,(anonymous_9)
FN:60,skip
FN:62,(anonymous_11)
FN:67,fetchApprovalHistory
FN:69,(anonymous_13)
FN:72,(anonymous_14)
FN:76,(anonymous_15)
FN:78,(anonymous_16)
FNF:17
FNH:6
FNDA:1,toAction
FNDA:17,(anonymous_1)
FNDA:1,(anonymous_2)
FNDA:1,pushHistoryRecord
FNDA:0,(anonymous_4)
FNDA:0,fetchPendingApprovals
FNDA:1,approve
FNDA:1,(anonymous_7)
FNDA:0,reject
FNDA:0,(anonymous_9)
FNDA:0,skip
FNDA:0,(anonymous_11)
FNDA:0,fetchApprovalHistory
FNDA:0,(anonymous_13)
FNDA:0,(anonymous_14)
FNDA:0,(anonymous_15)
FNDA:0,(anonymous_16)
DA:7,1
DA:8,0
DA:9,1
DA:12,6
DA:13,17
DA:14,17
DA:15,17
DA:17,17
DA:20,1
DA:22,1
DA:35,0
DA:36,0
DA:37,0
DA:38,0
DA:39,0
DA:42,0
DA:47,1
DA:48,1
DA:49,1
DA:50,1
DA:54,0
DA:55,0
DA:56,0
DA:57,0
DA:61,0
DA:62,0
DA:63,0
DA:64,0
DA:68,0
DA:69,0
DA:71,0
DA:72,0
DA:73,0
DA:76,0
DA:77,0
DA:78,0
DA:82,0
DA:86,17
LF:38
LH:14
BRDA:7,0,0,0
BRDA:7,0,1,1
BRDA:20,1,0,1
BRDA:20,1,1,1
BRDA:46,2,0,1
BRDA:53,3,0,0
BRDA:60,4,0,0
BRF:7
BRH:4
end_of_record
TN:
SF:src\stores\file.ts
FN:9,toPersistedFileInfo
FN:14,(anonymous_1)
FN:16,(anonymous_2)
FN:19,(anonymous_3)
FN:21,syncFileMetas
FN:26,setMapValue
FN:32,deleteMapValue
FN:41,addFile
FN:52,updateUploadProgress
FN:79,pauseUpload
FN:88,resumeUpload
FN:97,updateTransferProgress
FN:101,removeFile
FN:109,getFilesByApplicationId
FN:110,(anonymous_14)
FNF:15
FNH:11
FNDA:9,toPersistedFileInfo
FNDA:12,(anonymous_1)
FNDA:1,(anonymous_2)
FNDA:1,(anonymous_3)
FNDA:6,syncFileMetas
FNDA:13,setMapValue
FNDA:0,deleteMapValue
FNDA:4,addFile
FNDA:1,updateUploadProgress
FNDA:1,pauseUpload
FNDA:0,resumeUpload
FNDA:0,updateTransferProgress
FNDA:0,removeFile
FNDA:3,getFilesByApplicationId
FNDA:6,(anonymous_14)
DA:10,9
DA:11,9
DA:14,6
DA:15,12
DA:16,12
DA:17,12
DA:18,12
DA:19,12
DA:22,6
DA:23,6
DA:27,13
DA:28,13
DA:29,13
DA:33,0
DA:34,0
DA:36,0
DA:37,0
DA:38,0
DA:42,4
DA:43,4
DA:48,4
DA:49,4
DA:53,1
DA:54,1
DA:55,0
DA:57,1
DA:59,1
DA:68,1
DA:75,1
DA:76,1
DA:80,1
DA:81,1
DA:82,1
DA:83,1
DA:84,1
DA:89,0
DA:90,0
DA:91,0
DA:92,0
DA:93,0
DA:98,0
DA:102,0
DA:103,0
DA:104,0
DA:105,0
DA:106,0
DA:110,6
DA:113,12
LF:48
LH:31
BRDA:15,0,0,12
BRDA:15,0,1,11
BRDA:33,1,0,0
BRDA:33,1,1,0
BRDA:46,2,0,4
BRDA:46,2,1,4
BRDA:54,3,0,0
BRDA:54,3,1,1
BRDA:57,4,0,0
BRDA:57,4,1,1
BRDA:72,5,0,0
BRDA:72,5,1,1
BRDA:82,6,0,1
BRDA:82,6,1,0
BRDA:91,7,0,0
BRDA:91,7,1,0
BRF:16
BRH:8
end_of_record
TN:
SF:src\utils\file.ts
FN:1,getFileExtension
FN:9,generateFileId
FN:20,calculateChunkCount
FNF:3
FNH:3
FNDA:2,getFileExtension
FNDA:2,generateFileId
FNDA:2,calculateChunkCount
DA:2,2
DA:3,2
DA:4,1
DA:6,1
DA:10,2
DA:11,2
DA:13,2
DA:14,34
DA:17,2
DA:21,2
DA:22,1
DA:24,1
LF:12
LH:12
BRDA:3,0,0,1
BRDA:3,0,1,1
BRDA:21,1,0,1
BRDA:21,1,1,1
BRDA:21,2,0,2
BRDA:21,2,1,1
BRF:6
BRH:6
end_of_record
TN:
SF:src\utils\format.ts
FN:3,formatFileSize
FN:21,formatDateTime
FN:25,formatDuration
FN:42,formatTransferSpeed
FNF:4
FNH:4
FNDA:13,formatFileSize
FNDA:1,formatDateTime
FNDA:3,formatDuration
FNDA:2,formatTransferSpeed
DA:4,13
DA:5,0
DA:7,13
DA:8,13
DA:9,13
DA:11,13
DA:12,30
DA:13,30
DA:16,13
DA:17,13
DA:18,13
DA:22,1
DA:26,3
DA:27,0
DA:29,3
DA:30,3
DA:31,3
DA:33,3
DA:34,1
DA:36,2
DA:37,2
DA:39,1
DA:43,2
DA:44,1
DA:46,1
LF:25
LH:23
BRDA:4,0,0,0
BRDA:4,0,1,13
BRDA:11,1,0,13
BRDA:11,1,1,30
BRDA:16,2,0,6
BRDA:16,2,1,7
BRDA:16,3,0,13
BRDA:16,3,1,7
BRDA:26,4,0,0
BRDA:26,4,1,3
BRDA:33,5,0,1
BRDA:33,5,1,2
BRDA:36,6,0,1
BRDA:36,6,1,1
BRDA:43,7,0,1
BRDA:43,7,1,1
BRF:16
BRH:14
end_of_record
TN:
SF:src\utils\storage.ts
FN:1,getLocalStorage
FN:14,setLocalStorage
FN:18,removeLocalStorage
FN:22,clearLocalStorage
FNF:4
FNH:4
FNDA:35,getLocalStorage
FNDA:12,setLocalStorage
FNDA:1,removeLocalStorage
FNDA:1,clearLocalStorage
DA:2,35
DA:3,35
DA:4,33
DA:6,2
DA:7,2
DA:10,0
DA:15,12
DA:19,1
DA:23,1
LF:9
LH:8
BRDA:3,0,0,33
BRDA:3,0,1,2
BRF:2
BRH:2
end_of_record
TN:
SF:src\utils\validate.ts
FN:1,isValidEmail
FN:6,isValidPhone
FN:11,isValidFileName
FN:19,isAllowedFileType
FN:21,(anonymous_4)
FNF:5
FNH:5
FNDA:2,isValidEmail
FNDA:2,isValidPhone
FNDA:2,isValidFileName
FNDA:2,isAllowedFileType
FNDA:3,(anonymous_4)
DA:2,2
DA:3,2
DA:7,2
DA:8,2
DA:12,2
DA:13,0
DA:15,2
DA:16,2
DA:20,2
DA:21,3
LF:10
LH:9
BRDA:12,0,0,0
BRDA:12,0,1,2
BRF:2
BRH:1
end_of_record
